<?xml version="1.0" encoding="UTF-8"?>
<testng-results ignored="0" total="1" passed="1" failed="0" skipped="0">
  <reporter-output>
  </reporter-output>
  <suite started-at="2022-01-28T15:23:56 IST" name="Practice" finished-at="2022-01-28T15:24:43 IST" duration-ms="46687">
    <groups>
    </groups>
    <test started-at="2022-01-28T15:23:56 IST" name="testing on emulator Pixel_XL_API_30" finished-at="2022-01-28T15:24:43 IST" duration-ms="46687">
      <class name="PracticePOM.Practice.crmNEXT">
        <test-method is-config="true" signature="config(java.lang.String,java.lang.String,java.lang.String,java.lang.String,java.lang.String)[pri:0, instance:PracticePOM.Practice.crmNEXT@1e04fa0a]" started-at="2022-01-28T15:23:57 IST" name="config" finished-at="2022-01-28T15:24:30 IST" duration-ms="33777" status="PASS">
          <params>
            <param index="0">
              <value>
                <![CDATA[Pixel_XL_API_30]]>
              </value>
            </param>
            <param index="1">
              <value>
                <![CDATA[emulator-5554]]>
              </value>
            </param>
            <param index="2">
              <value>
                <![CDATA[11]]>
              </value>
            </param>
            <param index="3">
              <value>
                <![CDATA[android]]>
              </value>
            </param>
            <param index="4">
              <value>
                <![CDATA[http://127.0.0.1:4723/wd/hub]]>
              </value>
            </param>
          </params>
          <reporter-output>
          </reporter-output>
        </test-method> <!-- config -->
        <test-method signature="login()[pri:0, instance:PracticePOM.Practice.crmNEXT@1e04fa0a]" started-at="2022-01-28T15:24:30 IST" name="login" finished-at="2022-01-28T15:24:40 IST" duration-ms="9752" status="PASS">
          <reporter-output>
          </reporter-output>
        </test-method> <!-- login -->
        <test-method is-config="true" signature="shutdown()[pri:0, instance:PracticePOM.Practice.crmNEXT@1e04fa0a]" started-at="2022-01-28T15:24:40 IST" name="shutdown" finished-at="2022-01-28T15:24:43 IST" duration-ms="3017" status="PASS">
          <reporter-output>
          </reporter-output>
        </test-method> <!-- shutdown -->
      </class> <!-- PracticePOM.Practice.crmNEXT -->
    </test> <!-- testing on emulator Pixel_XL_API_30 -->
  </suite> <!-- Practice -->
</testng-results>
