<?xml version="1.0" encoding="UTF-8"?>
<!-- Generated by org.testng.reporters.JUnitXMLReporter -->
<testsuite ignored="0" hostname="DESKTOP-VTGNNSF" failures="0" tests="2" name="Test" time="13.372" errors="0" timestamp="2022-01-25T16:35:07 IST">
  <testcase classname="PracticeTest.practice.BrowserStackSetup" name="navigate_to_homepage_click_on_getstarted" time="3.54"/>
  <testcase classname="PracticeTest.practice.BrowserStackSetup" name="enter_userDetails" time="0.743"/>
</testsuite> <!-- Test -->
