<?xml version="1.0" encoding="UTF-8"?>
<!-- Generated by org.testng.reporters.JUnitXMLReporter -->
<testsuite ignored="0" hostname="DESKTOP-VTGNNSF" failures="0" tests="3" name="testing on emulator AzarEmulator" time="44.238" errors="0" timestamp="2022-01-18T14:34:28 IST">
  <testcase classname="PracticePOM.Practice.crmNEXT" name="@BeforeMethod config" time="43.853">
    <failure type="org.openqa.selenium.SessionNotCreatedException" message="Could not start a new session. Response code 500. Message: An unknown server-side error occurred while processing the command. Original error: Cannot start the &amp;apos;com.crmnextmobile.crmnextofflineplay&amp;apos; application. Visit https://github.com/appium/appium/blob/master/docs/en/writing-running-appium/android/activity-startup.md for troubleshooting. Original error: Error executing adbExec. Original error: &amp;apos;Command &amp;apos;C:\\Users\\MY\\AppData\\Local\\Android\\Sdk\\platform-tools\\adb.exe -P 5037 -s emulator-5554 shell am start -W -n com.crmnextmobile.crmnextofflineplay/com.crmnextmobile.crmnextofflineplay.qr.QrScannerActivity -S -a android.intent.action.MAIN -c android.intent.category.LAUNCHER -f 0x10200000&amp;apos; timed out after 20000ms&amp;apos;. Try to increase the 20000ms adb execution timeout represented by &amp;apos;adbExecTimeout&amp;apos; capability
Build info: version: &amp;apos;4.1.1&amp;apos;, revision: &amp;apos;e8fcc2cecf&amp;apos;
System info: host: &amp;apos;DESKTOP-VTGNNSF&amp;apos;, ip: &amp;apos;172.31.112.1&amp;apos;, os.name: &amp;apos;Windows 10&amp;apos;, os.arch: &amp;apos;amd64&amp;apos;, os.version: &amp;apos;10.0&amp;apos;, java.version: &amp;apos;17.0.1&amp;apos;
Driver info: io.appium.java_client.android.AndroidDriver
Command: [null, newSession {capabilities=[{appium:appActivity=com.crmnextmobile.crmnextofflineplay.qr.QrScannerActivity, appium:appPackage=com.crmnextmobile.crmnextofflineplay, appium:deviceName=AzarEmulator, appium:noReset=true, platformName=android, appium:platformVersion=11, appium:udid=emulator-5554}], desiredCapabilities=Capabilities {appActivity: com.crmnextmobile.crmnextof..., appPackage: com.crmnextmobile.crmnextof..., deviceName: AzarEmulator, noReset: true, platformName: android, platformVersion: 11, udid: emulator-5554}}]
Capabilities {}">
      <![CDATA[org.openqa.selenium.SessionNotCreatedException: Could not start a new session. Response code 500. Message: An unknown server-side error occurred while processing the command. Original error: Cannot start the 'com.crmnextmobile.crmnextofflineplay' application. Visit https://github.com/appium/appium/blob/master/docs/en/writing-running-appium/android/activity-startup.md for troubleshooting. Original error: Error executing adbExec. Original error: 'Command 'C:\\Users\\MY\\AppData\\Local\\Android\\Sdk\\platform-tools\\adb.exe -P 5037 -s emulator-5554 shell am start -W -n com.crmnextmobile.crmnextofflineplay/com.crmnextmobile.crmnextofflineplay.qr.QrScannerActivity -S -a android.intent.action.MAIN -c android.intent.category.LAUNCHER -f 0x10200000' timed out after 20000ms'. Try to increase the 20000ms adb execution timeout represented by 'adbExecTimeout' capability
Build info: version: '4.1.1', revision: 'e8fcc2cecf'
System info: host: 'DESKTOP-VTGNNSF', ip: '172.31.112.1', os.name: 'Windows 10', os.arch: 'amd64', os.version: '10.0', java.version: '17.0.1'
Driver info: io.appium.java_client.android.AndroidDriver
Command: [null, newSession {capabilities=[{appium:appActivity=com.crmnextmobile.crmnextofflineplay.qr.QrScannerActivity, appium:appPackage=com.crmnextmobile.crmnextofflineplay, appium:deviceName=AzarEmulator, appium:noReset=true, platformName=android, appium:platformVersion=11, appium:udid=emulator-5554}], desiredCapabilities=Capabilities {appActivity: com.crmnextmobile.crmnextof..., appPackage: com.crmnextmobile.crmnextof..., deviceName: AzarEmulator, noReset: true, platformName: android, platformVersion: 11, udid: emulator-5554}}]
Capabilities {}
at org.openqa.selenium.remote.ProtocolHandshake.createSession(ProtocolHandshake.java:126)
at io.appium.java_client.remote.AppiumProtocolHandshake.createSession(AppiumProtocolHandshake.java:126)
at io.appium.java_client.remote.AppiumProtocolHandshake.createSession(AppiumProtocolHandshake.java:102)
at io.appium.java_client.remote.AppiumCommandExecutor.createSession(AppiumCommandExecutor.java:146)
at io.appium.java_client.remote.AppiumCommandExecutor.execute(AppiumCommandExecutor.java:180)
at org.openqa.selenium.remote.RemoteWebDriver.execute(RemoteWebDriver.java:543)
at io.appium.java_client.AppiumDriver.startSession(AppiumDriver.java:225)
at org.openqa.selenium.remote.RemoteWebDriver.<init>(RemoteWebDriver.java:151)
at io.appium.java_client.AppiumDriver.<init>(AppiumDriver.java:79)
at io.appium.java_client.AppiumDriver.<init>(AppiumDriver.java:87)
at io.appium.java_client.android.AndroidDriver.<init>(AndroidDriver.java:116)
at PracticePOM.Practice.crmNEXT.config(crmNEXT.java:55)
at java.base/java.util.ArrayList.forEach(ArrayList.java:1511)
at java.base/java.util.concurrent.FutureTask.run(FutureTask.java:264)
at java.base/java.util.concurrent.ThreadPoolExecutor.runWorker(ThreadPoolExecutor.java:1136)
at java.base/java.util.concurrent.ThreadPoolExecutor$Worker.run(ThreadPoolExecutor.java:635)
at java.base/java.lang.Thread.run(Thread.java:833)
... Removed 26 stack frames]]>
    </failure>
  </testcase> <!-- @BeforeMethod config -->
  <testcase classname="PracticePOM.Practice.crmNEXT" name="@AfterMethod shutdown" time="-1.642496668468E9">
    <skipped/>
  </testcase> <!-- @AfterMethod shutdown -->
  <testcase classname="PracticePOM.Practice.crmNEXT" name="@BeforeMethod config" time="-1.642496668481E9">
    <skipped/>
  </testcase> <!-- @BeforeMethod config -->
  <testcase classname="PracticePOM.Practice.crmNEXT" name="@AfterMethod shutdown" time="-1.6424966686E9">
    <skipped/>
  </testcase> <!-- @AfterMethod shutdown -->
  <testcase classname="PracticePOM.Practice.crmNEXT" name="@BeforeMethod config" time="-1.642496668614E9">
    <skipped/>
  </testcase> <!-- @BeforeMethod config -->
  <testcase classname="PracticePOM.Practice.crmNEXT" name="@AfterMethod shutdown" time="-1.642496668648E9">
    <skipped/>
  </testcase> <!-- @AfterMethod shutdown -->
  <testcase classname="PracticePOM.Practice.crmNEXT" name="login" time="0.0">
    <skipped/>
  </testcase> <!-- login -->
  <testcase classname="PracticePOM.Practice.crmNEXT" name="home" time="0.0">
    <skipped/>
  </testcase> <!-- home -->
  <testcase classname="PracticePOM.Practice.crmNEXT" name="logout" time="0.0">
    <skipped/>
  </testcase> <!-- logout -->
</testsuite> <!-- testing on emulator AzarEmulator -->
